<?xml version="1.0" encoding="UTF-8"?>
<coverage generated="1637393646446" clover="3.2.0">
  <project timestamp="1637393646446" name="All files">
    <metrics statements="232" coveredstatements="229" conditionals="93" coveredconditionals="82" methods="43" coveredmethods="43" elements="368" coveredelements="354" complexity="0" loc="232" ncloc="232" packages="2" files="4" classes="4"/>
    <package name="module">
      <metrics statements="220" coveredstatements="217" conditionals="90" coveredconditionals="79" methods="40" coveredmethods="40"/>
      <file name="apply.js" path="/Users/jeanlucemmanuelverhanneman/Documents/Projects/modulopt/module/apply.js">
        <metrics statements="89" coveredstatements="88" conditionals="39" coveredconditionals="36" methods="14" coveredmethods="14"/>
        <line num="2" count="3" type="stmt"/>
        <line num="3" count="3" type="stmt"/>
        <line num="4" count="3" type="stmt"/>
        <line num="5" count="3" type="stmt"/>
        <line num="6" count="25" type="stmt"/>
        <line num="7" count="25" type="stmt"/>
        <line num="8" count="108" type="stmt"/>
        <line num="9" count="108" type="cond" truecount="2" falsecount="0"/>
        <line num="10" count="30" type="stmt"/>
        <line num="11" count="30" type="cond" truecount="2" falsecount="0"/>
        <line num="13" count="10" type="cond" truecount="2" falsecount="0"/>
        <line num="14" count="7" type="stmt"/>
        <line num="17" count="20" type="cond" truecount="2" falsecount="0"/>
        <line num="18" count="4" type="stmt"/>
        <line num="20" count="16" type="cond" truecount="2" falsecount="0"/>
        <line num="21" count="14" type="stmt"/>
        <line num="26" count="3" type="stmt"/>
        <line num="34" count="249" type="stmt"/>
        <line num="35" count="73" type="stmt"/>
        <line num="36" count="3" type="stmt"/>
        <line num="37" count="14" type="cond" truecount="2" falsecount="1"/>
        <line num="39" count="9" type="stmt"/>
        <line num="41" count="5" type="stmt"/>
        <line num="43" count="0" type="stmt"/>
        <line num="46" count="3" type="stmt"/>
        <line num="47" count="15" type="stmt"/>
        <line num="48" count="15" type="stmt"/>
        <line num="49" count="15" type="stmt"/>
        <line num="52" count="3" type="stmt"/>
        <line num="53" count="112" type="stmt"/>
        <line num="55" count="3" type="stmt"/>
        <line num="56" count="261" type="cond" truecount="2" falsecount="0"/>
        <line num="57" count="261" type="cond" truecount="2" falsecount="0"/>
        <line num="58" count="261" type="stmt"/>
        <line num="59" count="261" type="stmt"/>
        <line num="60" count="838" type="stmt"/>
        <line num="61" count="838" type="cond" truecount="2" falsecount="0"/>
        <line num="62" count="664" type="stmt"/>
        <line num="63" count="664" type="stmt"/>
        <line num="64" count="664" type="cond" truecount="2" falsecount="0"/>
        <line num="65" count="29" type="stmt"/>
        <line num="68" count="174" type="cond" truecount="1" falsecount="1"/>
        <line num="69" count="174" type="stmt"/>
        <line num="72" count="232" type="stmt"/>
        <line num="74" count="3" type="stmt"/>
        <line num="75" count="3" type="stmt"/>
        <line num="76" count="73" type="stmt"/>
        <line num="77" count="73" type="stmt"/>
        <line num="78" count="552" type="cond" truecount="4" falsecount="0"/>
        <line num="80" count="102" type="stmt"/>
        <line num="82" count="102" type="stmt"/>
        <line num="83" count="102" type="cond" truecount="2" falsecount="0"/>
        <line num="84" count="29" type="stmt"/>
        <line num="87" count="523" type="stmt"/>
        <line num="90" count="73" type="stmt"/>
        <line num="91" count="73" type="stmt"/>
        <line num="98" count="3" type="stmt"/>
        <line num="99" count="74" type="stmt"/>
        <line num="100" count="74" type="stmt"/>
        <line num="101" count="74" type="stmt"/>
        <line num="102" count="74" type="stmt"/>
        <line num="103" count="520" type="stmt"/>
        <line num="104" count="520" type="cond" truecount="4" falsecount="0"/>
        <line num="106" count="74" type="stmt"/>
        <line num="108" count="3" type="stmt"/>
        <line num="109" count="3" type="stmt"/>
        <line num="110" count="73" type="stmt"/>
        <line num="111" count="73" type="stmt"/>
        <line num="112" count="73" type="stmt"/>
        <line num="113" count="73" type="cond" truecount="2" falsecount="0"/>
        <line num="114" count="29" type="stmt"/>
        <line num="115" count="29" type="stmt"/>
        <line num="116" count="29" type="stmt"/>
        <line num="117" count="29" type="stmt"/>
        <line num="118" count="29" type="stmt"/>
        <line num="120" count="29" type="cond" truecount="2" falsecount="0"/>
        <line num="121" count="14" type="stmt"/>
        <line num="122" count="14" type="stmt"/>
        <line num="126" count="15" type="stmt"/>
        <line num="129" count="44" type="cond" truecount="1" falsecount="1"/>
        <line num="132" count="44" type="stmt"/>
        <line num="134" count="3" type="stmt"/>
        <line num="135" count="3" type="stmt"/>
        <line num="136" count="14" type="stmt"/>
        <line num="137" count="14" type="stmt"/>
        <line num="138" count="14" type="stmt"/>
        <line num="139" count="70" type="stmt"/>
        <line num="141" count="14" type="stmt"/>
        <line num="143" count="3" type="stmt"/>
      </file>
      <file name="index.js" path="/Users/jeanlucemmanuelverhanneman/Documents/Projects/modulopt/module/index.js">
        <metrics statements="34" coveredstatements="34" conditionals="10" coveredconditionals="8" methods="5" coveredmethods="5"/>
        <line num="2" count="3" type="stmt"/>
        <line num="3" count="3" type="stmt"/>
        <line num="4" count="3" type="stmt"/>
        <line num="5" count="3" type="stmt"/>
        <line num="6" count="3" type="stmt"/>
        <line num="7" count="3" type="stmt"/>
        <line num="8" count="18" type="cond" truecount="2" falsecount="0"/>
        <line num="9" count="18" type="stmt"/>
        <line num="10" count="18" type="stmt"/>
        <line num="11" count="18" type="stmt"/>
        <line num="12" count="18" type="stmt"/>
        <line num="13" count="18" type="stmt"/>
        <line num="14" count="18" type="stmt"/>
        <line num="15" count="18" type="stmt"/>
        <line num="16" count="18" type="stmt"/>
        <line num="18" count="3" type="stmt"/>
        <line num="19" count="3" type="stmt"/>
        <line num="20" count="18" type="cond" truecount="2" falsecount="0"/>
        <line num="21" count="1" type="stmt"/>
        <line num="22" count="1" type="stmt"/>
        <line num="23" count="1" type="stmt"/>
        <line num="25" count="18" type="stmt"/>
        <line num="27" count="3" type="stmt"/>
        <line num="28" count="26" type="stmt"/>
        <line num="29" count="26" type="stmt"/>
        <line num="30" count="27" type="stmt"/>
        <line num="32" count="26" type="stmt"/>
        <line num="33" count="1" type="cond" truecount="1" falsecount="1"/>
        <line num="35" count="27" type="cond" truecount="2" falsecount="0"/>
        <line num="36" count="2" type="stmt"/>
        <line num="38" count="25" type="cond" truecount="1" falsecount="1"/>
        <line num="39" count="25" type="stmt"/>
        <line num="42" count="26" type="stmt"/>
        <line num="44" count="3" type="stmt"/>
      </file>
      <file name="prepare.js" path="/Users/jeanlucemmanuelverhanneman/Documents/Projects/modulopt/module/prepare.js">
        <metrics statements="97" coveredstatements="95" conditionals="41" coveredconditionals="35" methods="21" coveredmethods="21"/>
        <line num="2" count="3" type="stmt"/>
        <line num="3" count="3" type="stmt"/>
        <line num="4" count="3" type="stmt"/>
        <line num="5" count="18" type="stmt"/>
        <line num="6" count="18" type="stmt"/>
        <line num="8" count="18" type="stmt"/>
        <line num="9" count="18" type="stmt"/>
        <line num="10" count="18" type="stmt"/>
        <line num="12" count="18" type="stmt"/>
        <line num="13" count="18" type="stmt"/>
        <line num="14" count="18" type="stmt"/>
        <line num="15" count="18" type="stmt"/>
        <line num="17" count="3" type="stmt"/>
        <line num="23" count="3" type="stmt"/>
        <line num="24" count="167" type="stmt"/>
        <line num="32" count="3" type="stmt"/>
        <line num="33" count="167" type="stmt"/>
        <line num="34" count="167" type="stmt"/>
        <line num="35" count="591" type="stmt"/>
        <line num="36" count="167" type="stmt"/>
        <line num="44" count="3" type="stmt"/>
        <line num="45" count="18" type="stmt"/>
        <line num="46" count="18" type="stmt"/>
        <line num="47" count="124" type="cond" truecount="2" falsecount="0"/>
        <line num="50" count="75" type="cond" truecount="2" falsecount="0"/>
        <line num="53" count="18" type="stmt"/>
        <line num="55" count="3" type="stmt"/>
        <line num="64" count="3" type="stmt"/>
        <line num="65" count="45" type="stmt"/>
        <line num="68" count="45" type="cond" truecount="1" falsecount="1"/>
        <line num="69" count="45" type="stmt"/>
        <line num="78" count="3" type="stmt"/>
        <line num="81" count="167" type="stmt"/>
        <line num="84" count="167" type="stmt"/>
        <line num="85" count="167" type="cond" truecount="1" falsecount="1"/>
        <line num="86" count="167" type="stmt"/>
        <line num="88" count="0" type="stmt"/>
        <line num="90" count="3" type="stmt"/>
        <line num="91" count="3" type="stmt"/>
        <line num="92" count="75" type="cond" truecount="2" falsecount="0"/>
        <line num="98" count="3" type="stmt"/>
        <line num="99" count="18" type="stmt"/>
        <line num="100" count="18" type="stmt"/>
        <line num="101" count="18" type="stmt"/>
        <line num="102" count="124" type="stmt"/>
        <line num="103" count="124" type="cond" truecount="2" falsecount="0"/>
        <line num="104" count="45" type="stmt"/>
        <line num="106" count="79" type="cond" truecount="4" falsecount="0"/>
        <line num="107" count="49" type="stmt"/>
        <line num="111" count="3" type="stmt"/>
        <line num="112" count="3" type="stmt"/>
        <line num="113" count="25" type="cond" truecount="1" falsecount="1"/>
        <line num="114" count="0" type="stmt"/>
        <line num="118" count="25" type="stmt"/>
        <line num="121" count="3" type="stmt"/>
        <line num="122" count="3" type="stmt"/>
        <line num="124" count="45" type="stmt"/>
        <line num="125" count="45" type="stmt"/>
        <line num="127" count="45" type="stmt"/>
        <line num="129" count="3" type="stmt"/>
        <line num="131" count="49" type="stmt"/>
        <line num="133" count="3" type="stmt"/>
        <line num="134" count="18" type="stmt"/>
        <line num="135" count="241" type="cond" truecount="3" falsecount="1"/>
        <line num="136" count="241" type="stmt"/>
        <line num="139" count="3" type="stmt"/>
        <line num="140" count="3" type="stmt"/>
        <line num="141" count="75" type="stmt"/>
        <line num="143" count="75" type="stmt"/>
        <line num="146" count="75" type="stmt"/>
        <line num="148" count="75" type="stmt"/>
        <line num="150" count="75" type="cond" truecount="4" falsecount="0"/>
        <line num="151" count="45" type="stmt"/>
        <line num="154" count="75" type="stmt"/>
        <line num="155" count="75" type="stmt"/>
        <line num="156" count="75" type="stmt"/>
        <line num="163" count="3" type="stmt"/>
        <line num="164" count="49" type="stmt"/>
        <line num="166" count="49" type="stmt"/>
        <line num="168" count="49" type="cond" truecount="2" falsecount="0"/>
        <line num="170" count="49" type="stmt"/>
        <line num="172" count="3" type="stmt"/>
        <line num="173" count="18" type="stmt"/>
        <line num="174" count="124" type="cond" truecount="4" falsecount="0"/>
        <line num="175" count="75" type="stmt"/>
        <line num="178" count="49" type="cond" truecount="4" falsecount="1"/>
        <line num="181" count="49" type="stmt"/>
        <line num="185" count="3" type="stmt"/>
        <line num="193" count="3" type="stmt"/>
        <line num="194" count="75" type="cond" truecount="2" falsecount="0"/>
        <line num="196" count="30" type="stmt"/>
        <line num="198" count="30" type="stmt"/>
        <line num="200" count="30" type="stmt"/>
        <line num="203" count="30" type="stmt"/>
        <line num="205" count="78" type="stmt"/>
        <line num="207" count="78" type="stmt"/>
        <line num="209" count="78" type="stmt"/>
      </file>
    </package>
    <package name="tests">
      <metrics statements="12" coveredstatements="12" conditionals="3" coveredconditionals="3" methods="3" coveredmethods="3"/>
      <file name="utile.js" path="/Users/jeanlucemmanuelverhanneman/Documents/Projects/modulopt/tests/utile.js">
        <metrics statements="12" coveredstatements="12" conditionals="3" coveredconditionals="3" methods="3" coveredmethods="3"/>
        <line num="2" count="3" type="stmt"/>
        <line num="5" count="18" type="stmt"/>
        <line num="8" count="3" type="cond" truecount="1" falsecount="0"/>
        <line num="9" count="14" type="stmt"/>
        <line num="10" count="14" type="stmt"/>
        <line num="20" count="14" type="stmt"/>
        <line num="23" count="3" type="stmt"/>
        <line num="24" count="4" type="stmt"/>
        <line num="25" count="32" type="stmt"/>
        <line num="27" count="32" type="cond" truecount="2" falsecount="0"/>
        <line num="28" count="20" type="stmt"/>
        <line num="34" count="3" type="stmt"/>
      </file>
    </package>
  </project>
</coverage>
