{"/Users/jeanlucemmanuelverhanneman/Documents/Projects/modulopt/module/apply.js": {"path":"/Users/jeanlucemmanuelverhanneman/Documents/Projects/modulopt/module/apply.js","statementMap":{"0":{"start":{"line":2,"column":0},"end":{"line":2,"column":26}},"1":{"start":{"line":3,"column":0},"end":{"line":3,"column":138}},"2":{"start":{"line":4,"column":16},"end":{"line":4,"column":36}},"3":{"start":{"line":5,"column":17},"end":{"line":25,"column":1}},"4":{"start":{"line":6,"column":4},"end":{"line":6,"column":47}},"5":{"start":{"line":7,"column":4},"end":{"line":24,"column":7}},"6":{"start":{"line":8,"column":20},"end":{"line":8,"column":32}},"7":{"start":{"line":9,"column":8},"end":{"line":23,"column":9}},"8":{"start":{"line":10,"column":26},"end":{"line":10,"column":52}},"9":{"start":{"line":11,"column":12},"end":{"line":22,"column":13}},"10":{"start":{"line":13,"column":16},"end":{"line":15,"column":17}},"11":{"start":{"line":14,"column":20},"end":{"line":14,"column":55}},"12":{"start":{"line":17,"column":17},"end":{"line":22,"column":13}},"13":{"start":{"line":18,"column":16},"end":{"line":18,"column":51}},"14":{"start":{"line":20,"column":17},"end":{"line":22,"column":13}},"15":{"start":{"line":21,"column":16},"end":{"line":21,"column":51}},"16":{"start":{"line":26,"column":0},"end":{"line":26,"column":32}},"17":{"start":{"line":34,"column":16},"end":{"line":34,"column":62}},"18":{"start":{"line":34,"column":31},"end":{"line":34,"column":60}},"19":{"start":{"line":35,"column":21},"end":{"line":35,"column":66}},"20":{"start":{"line":35,"column":36},"end":{"line":35,"column":64}},"21":{"start":{"line":36,"column":27},"end":{"line":45,"column":1}},"22":{"start":{"line":37,"column":4},"end":{"line":44,"column":5}},"23":{"start":{"line":39,"column":12},"end":{"line":39,"column":24}},"24":{"start":{"line":41,"column":12},"end":{"line":41,"column":25}},"25":{"start":{"line":43,"column":12},"end":{"line":43,"column":36}},"26":{"start":{"line":46,"column":23},"end":{"line":50,"column":1}},"27":{"start":{"line":47,"column":17},"end":{"line":47,"column":39}},"28":{"start":{"line":48,"column":25},"end":{"line":48,"column":81}},"29":{"start":{"line":49,"column":4},"end":{"line":49,"column":53}},"30":{"start":{"line":52,"column":18},"end":{"line":54,"column":1}},"31":{"start":{"line":53,"column":4},"end":{"line":53,"column":13}},"32":{"start":{"line":55,"column":24},"end":{"line":73,"column":1}},"33":{"start":{"line":56,"column":4},"end":{"line":56,"column":44}},"34":{"start":{"line":56,"column":25},"end":{"line":56,"column":42}},"35":{"start":{"line":57,"column":4},"end":{"line":57,"column":53}},"36":{"start":{"line":57,"column":34},"end":{"line":57,"column":51}},"37":{"start":{"line":58,"column":17},"end":{"line":58,"column":19}},"38":{"start":{"line":59,"column":4},"end":{"line":71,"column":5}},"39":{"start":{"line":59,"column":18},"end":{"line":59,"column":19}},"40":{"start":{"line":59,"column":26},"end":{"line":59,"column":47}},"41":{"start":{"line":60,"column":17},"end":{"line":60,"column":23}},"42":{"start":{"line":60,"column":31},"end":{"line":60,"column":36}},"43":{"start":{"line":60,"column":46},"end":{"line":60,"column":51}},"44":{"start":{"line":61,"column":8},"end":{"line":70,"column":9}},"45":{"start":{"line":62,"column":12},"end":{"line":62,"column":32}},"46":{"start":{"line":63,"column":25},"end":{"line":63,"column":52}},"47":{"start":{"line":64,"column":12},"end":{"line":66,"column":13}},"48":{"start":{"line":65,"column":16},"end":{"line":65,"column":30}},"49":{"start":{"line":68,"column":13},"end":{"line":70,"column":9}},"50":{"start":{"line":69,"column":12},"end":{"line":69,"column":60}},"51":{"start":{"line":72,"column":4},"end":{"line":72,"column":18}},"52":{"start":{"line":74,"column":0},"end":{"line":74,"column":46}},"53":{"start":{"line":75,"column":17},"end":{"line":92,"column":1}},"54":{"start":{"line":76,"column":17},"end":{"line":76,"column":18}},"55":{"start":{"line":77,"column":24},"end":{"line":88,"column":5}},"56":{"start":{"line":78,"column":8},"end":{"line":86,"column":9}},"57":{"start":{"line":80,"column":20},"end":{"line":80,"column":34}},"58":{"start":{"line":82,"column":12},"end":{"line":82,"column":53}},"59":{"start":{"line":83,"column":12},"end":{"line":85,"column":13}},"60":{"start":{"line":84,"column":16},"end":{"line":84,"column":30}},"61":{"start":{"line":87,"column":8},"end":{"line":87,"column":17}},"62":{"start":{"line":90,"column":4},"end":{"line":90,"column":44}},"63":{"start":{"line":91,"column":4},"end":{"line":91,"column":18}},"64":{"start":{"line":98,"column":24},"end":{"line":107,"column":1}},"65":{"start":{"line":99,"column":17},"end":{"line":99,"column":19}},"66":{"start":{"line":100,"column":12},"end":{"line":100,"column":13}},"67":{"start":{"line":101,"column":4},"end":{"line":101,"column":33}},"68":{"start":{"line":102,"column":4},"end":{"line":105,"column":5}},"69":{"start":{"line":103,"column":16},"end":{"line":103,"column":33}},"70":{"start":{"line":104,"column":8},"end":{"line":104,"column":57}},"71":{"start":{"line":106,"column":4},"end":{"line":106,"column":27}},"72":{"start":{"line":108,"column":0},"end":{"line":108,"column":46}},"73":{"start":{"line":109,"column":21},"end":{"line":133,"column":1}},"74":{"start":{"line":110,"column":12},"end":{"line":110,"column":46}},"75":{"start":{"line":111,"column":12},"end":{"line":111,"column":38}},"76":{"start":{"line":112,"column":17},"end":{"line":112,"column":57}},"77":{"start":{"line":113,"column":4},"end":{"line":128,"column":5}},"78":{"start":{"line":114,"column":30},"end":{"line":114,"column":47}},"79":{"start":{"line":115,"column":23},"end":{"line":115,"column":54}},"80":{"start":{"line":116,"column":21},"end":{"line":116,"column":43}},"81":{"start":{"line":117,"column":29},"end":{"line":117,"column":88}},"82":{"start":{"line":118,"column":26},"end":{"line":118,"column":56}},"83":{"start":{"line":120,"column":8},"end":{"line":127,"column":9}},"84":{"start":{"line":121,"column":27},"end":{"line":121,"column":92}},"85":{"start":{"line":122,"column":12},"end":{"line":122,"column":28}},"86":{"start":{"line":126,"column":12},"end":{"line":126,"column":65}},"87":{"start":{"line":129,"column":17},"end":{"line":131,"column":19}},"88":{"start":{"line":132,"column":4},"end":{"line":132,"column":37}},"89":{"start":{"line":134,"column":0},"end":{"line":134,"column":40}},"90":{"start":{"line":135,"column":25},"end":{"line":142,"column":1}},"91":{"start":{"line":136,"column":18},"end":{"line":136,"column":20}},"92":{"start":{"line":137,"column":16},"end":{"line":137,"column":49}},"93":{"start":{"line":138,"column":4},"end":{"line":140,"column":7}},"94":{"start":{"line":139,"column":8},"end":{"line":139,"column":61}},"95":{"start":{"line":141,"column":4},"end":{"line":141,"column":19}},"96":{"start":{"line":143,"column":0},"end":{"line":143,"column":48}}},"fnMap":{"0":{"name":"(anonymous_0)","decl":{"start":{"line":5,"column":17},"end":{"line":5,"column":18}},"loc":{"start":{"line":5,"column":44},"end":{"line":25,"column":1}},"line":5},"1":{"name":"(anonymous_1)","decl":{"start":{"line":7,"column":46},"end":{"line":7,"column":47}},"loc":{"start":{"line":7,"column":61},"end":{"line":24,"column":5}},"line":7},"2":{"name":"(anonymous_2)","decl":{"start":{"line":34,"column":16},"end":{"line":34,"column":17}},"loc":{"start":{"line":34,"column":29},"end":{"line":34,"column":62}},"line":34},"3":{"name":"(anonymous_3)","decl":{"start":{"line":35,"column":21},"end":{"line":35,"column":22}},"loc":{"start":{"line":35,"column":34},"end":{"line":35,"column":66}},"line":35},"4":{"name":"(anonymous_4)","decl":{"start":{"line":36,"column":27},"end":{"line":36,"column":28}},"loc":{"start":{"line":36,"column":60},"end":{"line":45,"column":1}},"line":36},"5":{"name":"(anonymous_5)","decl":{"start":{"line":46,"column":23},"end":{"line":46,"column":24}},"loc":{"start":{"line":46,"column":59},"end":{"line":50,"column":1}},"line":46},"6":{"name":"(anonymous_6)","decl":{"start":{"line":52,"column":18},"end":{"line":52,"column":19}},"loc":{"start":{"line":52,"column":53},"end":{"line":54,"column":1}},"line":52},"7":{"name":"(anonymous_7)","decl":{"start":{"line":55,"column":24},"end":{"line":55,"column":25}},"loc":{"start":{"line":55,"column":58},"end":{"line":73,"column":1}},"line":55},"8":{"name":"(anonymous_8)","decl":{"start":{"line":75,"column":17},"end":{"line":75,"column":18}},"loc":{"start":{"line":75,"column":48},"end":{"line":92,"column":1}},"line":75},"9":{"name":"(anonymous_9)","decl":{"start":{"line":77,"column":24},"end":{"line":77,"column":25}},"loc":{"start":{"line":77,"column":59},"end":{"line":88,"column":5}},"line":77},"10":{"name":"(anonymous_10)","decl":{"start":{"line":98,"column":24},"end":{"line":98,"column":25}},"loc":{"start":{"line":98,"column":43},"end":{"line":107,"column":1}},"line":98},"11":{"name":"(anonymous_11)","decl":{"start":{"line":109,"column":21},"end":{"line":109,"column":22}},"loc":{"start":{"line":109,"column":61},"end":{"line":133,"column":1}},"line":109},"12":{"name":"(anonymous_12)","decl":{"start":{"line":135,"column":25},"end":{"line":135,"column":26}},"loc":{"start":{"line":135,"column":57},"end":{"line":142,"column":1}},"line":135},"13":{"name":"(anonymous_13)","decl":{"start":{"line":138,"column":27},"end":{"line":138,"column":28}},"loc":{"start":{"line":138,"column":40},"end":{"line":140,"column":5}},"line":138}},"branchMap":{"0":{"loc":{"start":{"line":9,"column":8},"end":{"line":23,"column":9}},"type":"if","locations":[{"start":{"line":9,"column":8},"end":{"line":23,"column":9}},{"start":{},"end":{}}],"line":9},"1":{"loc":{"start":{"line":11,"column":12},"end":{"line":22,"column":13}},"type":"if","locations":[{"start":{"line":11,"column":12},"end":{"line":22,"column":13}},{"start":{"line":17,"column":17},"end":{"line":22,"column":13}}],"line":11},"2":{"loc":{"start":{"line":13,"column":16},"end":{"line":15,"column":17}},"type":"if","locations":[{"start":{"line":13,"column":16},"end":{"line":15,"column":17}},{"start":{},"end":{}}],"line":13},"3":{"loc":{"start":{"line":17,"column":17},"end":{"line":22,"column":13}},"type":"if","locations":[{"start":{"line":17,"column":17},"end":{"line":22,"column":13}},{"start":{"line":20,"column":17},"end":{"line":22,"column":13}}],"line":17},"4":{"loc":{"start":{"line":20,"column":17},"end":{"line":22,"column":13}},"type":"if","locations":[{"start":{"line":20,"column":17},"end":{"line":22,"column":13}},{"start":{},"end":{}}],"line":20},"5":{"loc":{"start":{"line":37,"column":4},"end":{"line":44,"column":5}},"type":"switch","locations":[{"start":{"line":38,"column":8},"end":{"line":39,"column":24}},{"start":{"line":40,"column":8},"end":{"line":41,"column":25}},{"start":{"line":42,"column":8},"end":{"line":43,"column":36}}],"line":37},"6":{"loc":{"start":{"line":56,"column":4},"end":{"line":56,"column":44}},"type":"if","locations":[{"start":{"line":56,"column":4},"end":{"line":56,"column":44}},{"start":{},"end":{}}],"line":56},"7":{"loc":{"start":{"line":57,"column":4},"end":{"line":57,"column":53}},"type":"if","locations":[{"start":{"line":57,"column":4},"end":{"line":57,"column":53}},{"start":{},"end":{}}],"line":57},"8":{"loc":{"start":{"line":61,"column":8},"end":{"line":70,"column":9}},"type":"if","locations":[{"start":{"line":61,"column":8},"end":{"line":70,"column":9}},{"start":{"line":68,"column":13},"end":{"line":70,"column":9}}],"line":61},"9":{"loc":{"start":{"line":64,"column":12},"end":{"line":66,"column":13}},"type":"if","locations":[{"start":{"line":64,"column":12},"end":{"line":66,"column":13}},{"start":{},"end":{}}],"line":64},"10":{"loc":{"start":{"line":68,"column":13},"end":{"line":70,"column":9}},"type":"if","locations":[{"start":{"line":68,"column":13},"end":{"line":70,"column":9}},{"start":{},"end":{}}],"line":68},"11":{"loc":{"start":{"line":78,"column":8},"end":{"line":86,"column":9}},"type":"if","locations":[{"start":{"line":78,"column":8},"end":{"line":86,"column":9}},{"start":{},"end":{}}],"line":78},"12":{"loc":{"start":{"line":78,"column":12},"end":{"line":78,"column":60}},"type":"binary-expr","locations":[{"start":{"line":78,"column":12},"end":{"line":78,"column":31}},{"start":{"line":78,"column":35},"end":{"line":78,"column":60}}],"line":78},"13":{"loc":{"start":{"line":83,"column":12},"end":{"line":85,"column":13}},"type":"if","locations":[{"start":{"line":83,"column":12},"end":{"line":85,"column":13}},{"start":{},"end":{}}],"line":83},"14":{"loc":{"start":{"line":104,"column":20},"end":{"line":104,"column":55}},"type":"cond-expr","locations":[{"start":{"line":104,"column":32},"end":{"line":104,"column":33}},{"start":{"line":104,"column":36},"end":{"line":104,"column":55}}],"line":104},"15":{"loc":{"start":{"line":104,"column":36},"end":{"line":104,"column":55}},"type":"cond-expr","locations":[{"start":{"line":104,"column":48},"end":{"line":104,"column":49}},{"start":{"line":104,"column":52},"end":{"line":104,"column":55}}],"line":104},"16":{"loc":{"start":{"line":113,"column":4},"end":{"line":128,"column":5}},"type":"if","locations":[{"start":{"line":113,"column":4},"end":{"line":128,"column":5}},{"start":{},"end":{}}],"line":113},"17":{"loc":{"start":{"line":120,"column":8},"end":{"line":127,"column":9}},"type":"if","locations":[{"start":{"line":120,"column":8},"end":{"line":127,"column":9}},{"start":{"line":124,"column":13},"end":{"line":127,"column":9}}],"line":120},"18":{"loc":{"start":{"line":129,"column":17},"end":{"line":131,"column":19}},"type":"cond-expr","locations":[{"start":{"line":130,"column":10},"end":{"line":130,"column":35}},{"start":{"line":131,"column":10},"end":{"line":131,"column":19}}],"line":129}},"s":{"0":3,"1":3,"2":3,"3":3,"4":25,"5":25,"6":108,"7":108,"8":30,"9":30,"10":10,"11":7,"12":20,"13":4,"14":16,"15":14,"16":3,"17":3,"18":249,"19":3,"20":73,"21":3,"22":14,"23":9,"24":5,"25":0,"26":3,"27":15,"28":15,"29":15,"30":3,"31":112,"32":3,"33":261,"34":14,"35":261,"36":87,"37":261,"38":261,"39":261,"40":261,"41":838,"42":838,"43":838,"44":838,"45":664,"46":664,"47":664,"48":29,"49":174,"50":174,"51":232,"52":3,"53":3,"54":73,"55":73,"56":552,"57":102,"58":102,"59":102,"60":29,"61":523,"62":73,"63":73,"64":3,"65":74,"66":74,"67":74,"68":74,"69":520,"70":520,"71":74,"72":3,"73":3,"74":73,"75":73,"76":73,"77":73,"78":29,"79":29,"80":29,"81":29,"82":29,"83":29,"84":14,"85":14,"86":15,"87":44,"88":44,"89":3,"90":3,"91":14,"92":14,"93":14,"94":70,"95":14,"96":3},"f":{"0":25,"1":108,"2":249,"3":73,"4":14,"5":15,"6":112,"7":261,"8":73,"9":552,"10":74,"11":73,"12":14,"13":70},"b":{"0":[30,78],"1":[10,20],"2":[7,3],"3":[4,16],"4":[14,2],"5":[9,5,0],"6":[14,247],"7":[87,174],"8":[664,174],"9":[29,635],"10":[174,0],"11":[102,450],"12":[552,508],"13":[29,73],"14":[135,385],"15":[73,312],"16":[29,44],"17":[14,15],"18":[0,44]},"_coverageSchema":"1a1c01bbd47fc00a2c39e90264f33305004495a9","hash":"188c754f6b8b0ebadb8f9237f334ed4a0bce4cb0"}
,"/Users/jeanlucemmanuelverhanneman/Documents/Projects/modulopt/module/index.js": {"path":"/Users/jeanlucemmanuelverhanneman/Documents/Projects/modulopt/module/index.js","statementMap":{"0":{"start":{"line":2,"column":0},"end":{"line":2,"column":26}},"1":{"start":{"line":3,"column":0},"end":{"line":3,"column":76}},"2":{"start":{"line":4,"column":16},"end":{"line":4,"column":36}},"3":{"start":{"line":5,"column":0},"end":{"line":5,"column":66}},"4":{"start":{"line":6,"column":14},"end":{"line":6,"column":32}},"5":{"start":{"line":7,"column":16},"end":{"line":17,"column":1}},"6":{"start":{"line":8,"column":4},"end":{"line":8,"column":42}},"7":{"start":{"line":8,"column":27},"end":{"line":8,"column":40}},"8":{"start":{"line":9,"column":22},"end":{"line":9,"column":24}},"9":{"start":{"line":10,"column":13},"end":{"line":10,"column":65}},"10":{"start":{"line":10,"column":82},"end":{"line":10,"column":97}},"11":{"start":{"line":10,"column":113},"end":{"line":10,"column":127}},"12":{"start":{"line":11,"column":19},"end":{"line":11,"column":83}},"13":{"start":{"line":12,"column":4},"end":{"line":12,"column":75}},"14":{"start":{"line":13,"column":4},"end":{"line":13,"column":72}},"15":{"start":{"line":14,"column":4},"end":{"line":14,"column":34}},"16":{"start":{"line":15,"column":4},"end":{"line":15,"column":65}},"17":{"start":{"line":16,"column":4},"end":{"line":16,"column":18}},"18":{"start":{"line":18,"column":0},"end":{"line":18,"column":30}},"19":{"start":{"line":19,"column":22},"end":{"line":26,"column":1}},"20":{"start":{"line":20,"column":4},"end":{"line":24,"column":5}},"21":{"start":{"line":21,"column":24},"end":{"line":21,"column":64}},"22":{"start":{"line":22,"column":27},"end":{"line":22,"column":52}},"23":{"start":{"line":23,"column":8},"end":{"line":23,"column":156}},"24":{"start":{"line":25,"column":4},"end":{"line":25,"column":18}},"25":{"start":{"line":27,"column":12},"end":{"line":43,"column":1}},"26":{"start":{"line":28,"column":18},"end":{"line":28,"column":20}},"27":{"start":{"line":29,"column":4},"end":{"line":31,"column":5}},"28":{"start":{"line":29,"column":18},"end":{"line":29,"column":19}},"29":{"start":{"line":30,"column":8},"end":{"line":30,"column":40}},"30":{"start":{"line":32,"column":4},"end":{"line":41,"column":7}},"31":{"start":{"line":33,"column":32},"end":{"line":33,"column":68}},"32":{"start":{"line":35,"column":8},"end":{"line":40,"column":9}},"33":{"start":{"line":36,"column":12},"end":{"line":36,"column":86}},"34":{"start":{"line":38,"column":13},"end":{"line":40,"column":9}},"35":{"start":{"line":39,"column":12},"end":{"line":39,"column":52}},"36":{"start":{"line":42,"column":4},"end":{"line":42,"column":18}},"37":{"start":{"line":44,"column":0},"end":{"line":44,"column":22}}},"fnMap":{"0":{"name":"(anonymous_0)","decl":{"start":{"line":7,"column":16},"end":{"line":7,"column":17}},"loc":{"start":{"line":7,"column":54},"end":{"line":17,"column":1}},"line":7},"1":{"name":"(anonymous_1)","decl":{"start":{"line":19,"column":22},"end":{"line":19,"column":23}},"loc":{"start":{"line":19,"column":46},"end":{"line":26,"column":1}},"line":19},"2":{"name":"(anonymous_2)","decl":{"start":{"line":27,"column":12},"end":{"line":27,"column":13}},"loc":{"start":{"line":27,"column":30},"end":{"line":43,"column":1}},"line":27},"3":{"name":"(anonymous_3)","decl":{"start":{"line":33,"column":14},"end":{"line":33,"column":15}},"loc":{"start":{"line":33,"column":30},"end":{"line":33,"column":70}},"line":33},"4":{"name":"(anonymous_4)","decl":{"start":{"line":34,"column":17},"end":{"line":34,"column":18}},"loc":{"start":{"line":34,"column":35},"end":{"line":41,"column":5}},"line":34}},"branchMap":{"0":{"loc":{"start":{"line":8,"column":4},"end":{"line":8,"column":42}},"type":"if","locations":[{"start":{"line":8,"column":4},"end":{"line":8,"column":42}},{"start":{},"end":{}}],"line":8},"1":{"loc":{"start":{"line":20,"column":4},"end":{"line":24,"column":5}},"type":"if","locations":[{"start":{"line":20,"column":4},"end":{"line":24,"column":5}},{"start":{},"end":{}}],"line":20},"2":{"loc":{"start":{"line":33,"column":39},"end":{"line":33,"column":67}},"type":"cond-expr","locations":[{"start":{"line":33,"column":61},"end":{"line":33,"column":62}},{"start":{"line":33,"column":65},"end":{"line":33,"column":67}}],"line":33},"3":{"loc":{"start":{"line":35,"column":8},"end":{"line":40,"column":9}},"type":"if","locations":[{"start":{"line":35,"column":8},"end":{"line":40,"column":9}},{"start":{"line":38,"column":13},"end":{"line":40,"column":9}}],"line":35},"4":{"loc":{"start":{"line":38,"column":13},"end":{"line":40,"column":9}},"type":"if","locations":[{"start":{"line":38,"column":13},"end":{"line":40,"column":9}},{"start":{},"end":{}}],"line":38}},"s":{"0":3,"1":3,"2":3,"3":3,"4":3,"5":3,"6":18,"7":4,"8":18,"9":18,"10":18,"11":18,"12":18,"13":18,"14":18,"15":18,"16":18,"17":18,"18":3,"19":3,"20":18,"21":1,"22":1,"23":1,"24":18,"25":3,"26":26,"27":26,"28":26,"29":27,"30":26,"31":1,"32":27,"33":2,"34":25,"35":25,"36":26,"37":3},"f":{"0":18,"1":18,"2":26,"3":1,"4":27},"b":{"0":[4,14],"1":[1,17],"2":[0,1],"3":[2,25],"4":[25,0]},"_coverageSchema":"1a1c01bbd47fc00a2c39e90264f33305004495a9","hash":"2da3820386dd0dbc668db1ab0fb51f9061674a8c"}
,"/Users/jeanlucemmanuelverhanneman/Documents/Projects/modulopt/module/prepare.js": {"path":"/Users/jeanlucemmanuelverhanneman/Documents/Projects/modulopt/module/prepare.js","statementMap":{"0":{"start":{"line":2,"column":0},"end":{"line":2,"column":26}},"1":{"start":{"line":3,"column":0},"end":{"line":3,"column":207}},"2":{"start":{"line":4,"column":22},"end":{"line":16,"column":1}},"3":{"start":{"line":5,"column":23},"end":{"line":5,"column":25}},"4":{"start":{"line":6,"column":4},"end":{"line":6,"column":45}},"5":{"start":{"line":8,"column":22},"end":{"line":8,"column":49}},"6":{"start":{"line":9,"column":4},"end":{"line":9,"column":25}},"7":{"start":{"line":10,"column":4},"end":{"line":10,"column":48}},"8":{"start":{"line":12,"column":4},"end":{"line":12,"column":31}},"9":{"start":{"line":13,"column":4},"end":{"line":13,"column":30}},"10":{"start":{"line":14,"column":4},"end":{"line":14,"column":34}},"11":{"start":{"line":15,"column":4},"end":{"line":15,"column":68}},"12":{"start":{"line":17,"column":0},"end":{"line":17,"column":42}},"13":{"start":{"line":23,"column":14},"end":{"line":25,"column":1}},"14":{"start":{"line":24,"column":4},"end":{"line":24,"column":35}},"15":{"start":{"line":32,"column":10},"end":{"line":37,"column":1}},"16":{"start":{"line":33,"column":4},"end":{"line":33,"column":25}},"17":{"start":{"line":34,"column":4},"end":{"line":35,"column":24}},"18":{"start":{"line":35,"column":8},"end":{"line":35,"column":24}},"19":{"start":{"line":36,"column":4},"end":{"line":36,"column":15}},"20":{"start":{"line":44,"column":20},"end":{"line":54,"column":1}},"21":{"start":{"line":45,"column":17},"end":{"line":45,"column":18}},"22":{"start":{"line":46,"column":4},"end":{"line":51,"column":7}},"23":{"start":{"line":47,"column":33},"end":{"line":47,"column":78}},"24":{"start":{"line":50,"column":8},"end":{"line":50,"column":45}},"25":{"start":{"line":53,"column":4},"end":{"line":53,"column":37}},"26":{"start":{"line":55,"column":0},"end":{"line":55,"column":38}},"27":{"start":{"line":64,"column":18},"end":{"line":71,"column":1}},"28":{"start":{"line":65,"column":25},"end":{"line":65,"column":84}},"29":{"start":{"line":68,"column":4},"end":{"line":70,"column":5}},"30":{"start":{"line":69,"column":8},"end":{"line":69,"column":37}},"31":{"start":{"line":78,"column":35},"end":{"line":89,"column":1}},"32":{"start":{"line":81,"column":17},"end":{"line":81,"column":31}},"33":{"start":{"line":84,"column":22},"end":{"line":84,"column":63}},"34":{"start":{"line":85,"column":4},"end":{"line":87,"column":5}},"35":{"start":{"line":86,"column":8},"end":{"line":86,"column":37}},"36":{"start":{"line":88,"column":4},"end":{"line":88,"column":16}},"37":{"start":{"line":90,"column":0},"end":{"line":90,"column":68}},"38":{"start":{"line":91,"column":21},"end":{"line":97,"column":1}},"39":{"start":{"line":92,"column":4},"end":{"line":96,"column":20}},"40":{"start":{"line":98,"column":29},"end":{"line":110,"column":1}},"41":{"start":{"line":99,"column":19},"end":{"line":99,"column":46}},"42":{"start":{"line":100,"column":18},"end":{"line":100,"column":42}},"43":{"start":{"line":101,"column":4},"end":{"line":109,"column":7}},"44":{"start":{"line":102,"column":8},"end":{"line":102,"column":61}},"45":{"start":{"line":103,"column":8},"end":{"line":108,"column":9}},"46":{"start":{"line":104,"column":12},"end":{"line":104,"column":60}},"47":{"start":{"line":106,"column":13},"end":{"line":108,"column":9}},"48":{"start":{"line":107,"column":12},"end":{"line":107,"column":63}},"49":{"start":{"line":111,"column":0},"end":{"line":111,"column":56}},"50":{"start":{"line":112,"column":26},"end":{"line":120,"column":1}},"51":{"start":{"line":113,"column":4},"end":{"line":119,"column":5}},"52":{"start":{"line":114,"column":8},"end":{"line":114,"column":69}},"53":{"start":{"line":118,"column":8},"end":{"line":118,"column":59}},"54":{"start":{"line":121,"column":0},"end":{"line":121,"column":50}},"55":{"start":{"line":122,"column":26},"end":{"line":128,"column":1}},"56":{"start":{"line":124,"column":15},"end":{"line":124,"column":36}},"57":{"start":{"line":125,"column":4},"end":{"line":125,"column":31}},"58":{"start":{"line":127,"column":4},"end":{"line":127,"column":57}},"59":{"start":{"line":129,"column":29},"end":{"line":132,"column":1}},"60":{"start":{"line":131,"column":4},"end":{"line":131,"column":70}},"61":{"start":{"line":133,"column":18},"end":{"line":138,"column":1}},"62":{"start":{"line":134,"column":4},"end":{"line":137,"column":7}},"63":{"start":{"line":135,"column":21},"end":{"line":135,"column":59}},"64":{"start":{"line":136,"column":8},"end":{"line":136,"column":22}},"65":{"start":{"line":139,"column":0},"end":{"line":139,"column":34}},"66":{"start":{"line":140,"column":36},"end":{"line":157,"column":1}},"67":{"start":{"line":141,"column":22},"end":{"line":141,"column":42}},"68":{"start":{"line":143,"column":17},"end":{"line":143,"column":23}},"69":{"start":{"line":146,"column":19},"end":{"line":146,"column":52}},"70":{"start":{"line":148,"column":18},"end":{"line":148,"column":39}},"71":{"start":{"line":150,"column":4},"end":{"line":152,"column":5}},"72":{"start":{"line":151,"column":8},"end":{"line":151,"column":56}},"73":{"start":{"line":154,"column":4},"end":{"line":154,"column":64}},"74":{"start":{"line":155,"column":4},"end":{"line":155,"column":34}},"75":{"start":{"line":156,"column":4},"end":{"line":156,"column":53}},"76":{"start":{"line":163,"column":38},"end":{"line":171,"column":1}},"77":{"start":{"line":164,"column":22},"end":{"line":164,"column":42}},"78":{"start":{"line":166,"column":17},"end":{"line":166,"column":23}},"79":{"start":{"line":168,"column":19},"end":{"line":168,"column":64}},"80":{"start":{"line":170,"column":4},"end":{"line":170,"column":50}},"81":{"start":{"line":172,"column":22},"end":{"line":184,"column":1}},"82":{"start":{"line":173,"column":4},"end":{"line":183,"column":7}},"83":{"start":{"line":174,"column":8},"end":{"line":182,"column":9}},"84":{"start":{"line":175,"column":12},"end":{"line":175,"column":80}},"85":{"start":{"line":178,"column":13},"end":{"line":182,"column":9}},"86":{"start":{"line":181,"column":12},"end":{"line":181,"column":59}},"87":{"start":{"line":185,"column":0},"end":{"line":185,"column":42}},"88":{"start":{"line":193,"column":24},"end":{"line":212,"column":1}},"89":{"start":{"line":194,"column":4},"end":{"line":211,"column":5}},"90":{"start":{"line":196,"column":21},"end":{"line":196,"column":34}},"91":{"start":{"line":198,"column":21},"end":{"line":198,"column":27}},"92":{"start":{"line":200,"column":8},"end":{"line":200,"column":36}},"93":{"start":{"line":203,"column":8},"end":{"line":210,"column":9}},"94":{"start":{"line":203,"column":21},"end":{"line":203,"column":22}},"95":{"start":{"line":205,"column":22},"end":{"line":205,"column":42}},"96":{"start":{"line":207,"column":33},"end":{"line":207,"column":79}},"97":{"start":{"line":209,"column":12},"end":{"line":209,"column":63}}},"fnMap":{"0":{"name":"(anonymous_0)","decl":{"start":{"line":4,"column":22},"end":{"line":4,"column":23}},"loc":{"start":{"line":4,"column":54},"end":{"line":16,"column":1}},"line":4},"1":{"name":"(anonymous_1)","decl":{"start":{"line":23,"column":14},"end":{"line":23,"column":15}},"loc":{"start":{"line":23,"column":29},"end":{"line":25,"column":1}},"line":23},"2":{"name":"(anonymous_2)","decl":{"start":{"line":32,"column":10},"end":{"line":32,"column":11}},"loc":{"start":{"line":32,"column":31},"end":{"line":37,"column":1}},"line":32},"3":{"name":"(anonymous_3)","decl":{"start":{"line":44,"column":20},"end":{"line":44,"column":21}},"loc":{"start":{"line":44,"column":44},"end":{"line":54,"column":1}},"line":44},"4":{"name":"(anonymous_4)","decl":{"start":{"line":47,"column":16},"end":{"line":47,"column":17}},"loc":{"start":{"line":47,"column":31},"end":{"line":47,"column":80}},"line":47},"5":{"name":"(anonymous_5)","decl":{"start":{"line":48,"column":13},"end":{"line":48,"column":14}},"loc":{"start":{"line":48,"column":28},"end":{"line":51,"column":5}},"line":48},"6":{"name":"(anonymous_6)","decl":{"start":{"line":64,"column":18},"end":{"line":64,"column":19}},"loc":{"start":{"line":64,"column":54},"end":{"line":71,"column":1}},"line":64},"7":{"name":"(anonymous_7)","decl":{"start":{"line":78,"column":35},"end":{"line":78,"column":36}},"loc":{"start":{"line":78,"column":65},"end":{"line":89,"column":1}},"line":78},"8":{"name":"(anonymous_8)","decl":{"start":{"line":91,"column":21},"end":{"line":91,"column":22}},"loc":{"start":{"line":91,"column":41},"end":{"line":97,"column":1}},"line":91},"9":{"name":"(anonymous_9)","decl":{"start":{"line":98,"column":29},"end":{"line":98,"column":30}},"loc":{"start":{"line":98,"column":62},"end":{"line":110,"column":1}},"line":98},"10":{"name":"(anonymous_10)","decl":{"start":{"line":101,"column":16},"end":{"line":101,"column":17}},"loc":{"start":{"line":101,"column":31},"end":{"line":109,"column":5}},"line":101},"11":{"name":"(anonymous_11)","decl":{"start":{"line":112,"column":26},"end":{"line":112,"column":27}},"loc":{"start":{"line":112,"column":44},"end":{"line":120,"column":1}},"line":112},"12":{"name":"(anonymous_12)","decl":{"start":{"line":122,"column":26},"end":{"line":122,"column":27}},"loc":{"start":{"line":122,"column":64},"end":{"line":128,"column":1}},"line":122},"13":{"name":"(anonymous_13)","decl":{"start":{"line":129,"column":29},"end":{"line":129,"column":30}},"loc":{"start":{"line":129,"column":67},"end":{"line":132,"column":1}},"line":129},"14":{"name":"(anonymous_14)","decl":{"start":{"line":133,"column":18},"end":{"line":133,"column":19}},"loc":{"start":{"line":133,"column":42},"end":{"line":138,"column":1}},"line":133},"15":{"name":"(anonymous_15)","decl":{"start":{"line":134,"column":29},"end":{"line":134,"column":30}},"loc":{"start":{"line":134,"column":45},"end":{"line":137,"column":5}},"line":134},"16":{"name":"(anonymous_16)","decl":{"start":{"line":140,"column":36},"end":{"line":140,"column":37}},"loc":{"start":{"line":140,"column":84},"end":{"line":157,"column":1}},"line":140},"17":{"name":"(anonymous_17)","decl":{"start":{"line":163,"column":38},"end":{"line":163,"column":39}},"loc":{"start":{"line":163,"column":63},"end":{"line":171,"column":1}},"line":163},"18":{"name":"(anonymous_18)","decl":{"start":{"line":172,"column":22},"end":{"line":172,"column":23}},"loc":{"start":{"line":172,"column":65},"end":{"line":184,"column":1}},"line":172},"19":{"name":"(anonymous_19)","decl":{"start":{"line":173,"column":30},"end":{"line":173,"column":31}},"loc":{"start":{"line":173,"column":45},"end":{"line":183,"column":5}},"line":173},"20":{"name":"(anonymous_20)","decl":{"start":{"line":193,"column":24},"end":{"line":193,"column":25}},"loc":{"start":{"line":193,"column":67},"end":{"line":212,"column":1}},"line":193}},"branchMap":{"0":{"loc":{"start":{"line":47,"column":40},"end":{"line":47,"column":77}},"type":"binary-expr","locations":[{"start":{"line":47,"column":40},"end":{"line":47,"column":67}},{"start":{"line":47,"column":71},"end":{"line":47,"column":77}}],"line":47},"1":{"loc":{"start":{"line":50,"column":18},"end":{"line":50,"column":44}},"type":"cond-expr","locations":[{"start":{"line":50,"column":27},"end":{"line":50,"column":40}},{"start":{"line":50,"column":43},"end":{"line":50,"column":44}}],"line":50},"2":{"loc":{"start":{"line":68,"column":4},"end":{"line":70,"column":5}},"type":"if","locations":[{"start":{"line":68,"column":4},"end":{"line":70,"column":5}},{"start":{},"end":{}}],"line":68},"3":{"loc":{"start":{"line":85,"column":4},"end":{"line":87,"column":5}},"type":"if","locations":[{"start":{"line":85,"column":4},"end":{"line":87,"column":5}},{"start":{},"end":{}}],"line":85},"4":{"loc":{"start":{"line":92,"column":11},"end":{"line":96,"column":19}},"type":"cond-expr","locations":[{"start":{"line":93,"column":10},"end":{"line":93,"column":15}},{"start":{"line":94,"column":10},"end":{"line":96,"column":19}}],"line":92},"5":{"loc":{"start":{"line":94,"column":10},"end":{"line":96,"column":19}},"type":"cond-expr","locations":[{"start":{"line":95,"column":14},"end":{"line":95,"column":45}},{"start":{"line":96,"column":14},"end":{"line":96,"column":19}}],"line":94},"6":{"loc":{"start":{"line":103,"column":8},"end":{"line":108,"column":9}},"type":"if","locations":[{"start":{"line":103,"column":8},"end":{"line":108,"column":9}},{"start":{"line":106,"column":13},"end":{"line":108,"column":9}}],"line":103},"7":{"loc":{"start":{"line":106,"column":13},"end":{"line":108,"column":9}},"type":"if","locations":[{"start":{"line":106,"column":13},"end":{"line":108,"column":9}},{"start":{},"end":{}}],"line":106},"8":{"loc":{"start":{"line":106,"column":17},"end":{"line":106,"column":66}},"type":"binary-expr","locations":[{"start":{"line":106,"column":17},"end":{"line":106,"column":39}},{"start":{"line":106,"column":43},"end":{"line":106,"column":66}}],"line":106},"9":{"loc":{"start":{"line":113,"column":4},"end":{"line":119,"column":5}},"type":"if","locations":[{"start":{"line":113,"column":4},"end":{"line":119,"column":5}},{"start":{"line":116,"column":9},"end":{"line":119,"column":5}}],"line":113},"10":{"loc":{"start":{"line":135,"column":21},"end":{"line":135,"column":59}},"type":"cond-expr","locations":[{"start":{"line":135,"column":35},"end":{"line":135,"column":36}},{"start":{"line":135,"column":39},"end":{"line":135,"column":59}}],"line":135},"11":{"loc":{"start":{"line":135,"column":39},"end":{"line":135,"column":59}},"type":"cond-expr","locations":[{"start":{"line":135,"column":53},"end":{"line":135,"column":55}},{"start":{"line":135,"column":58},"end":{"line":135,"column":59}}],"line":135},"12":{"loc":{"start":{"line":150,"column":4},"end":{"line":152,"column":5}},"type":"if","locations":[{"start":{"line":150,"column":4},"end":{"line":152,"column":5}},{"start":{},"end":{}}],"line":150},"13":{"loc":{"start":{"line":150,"column":8},"end":{"line":150,"column":55}},"type":"binary-expr","locations":[{"start":{"line":150,"column":8},"end":{"line":150,"column":24}},{"start":{"line":150,"column":28},"end":{"line":150,"column":55}}],"line":150},"14":{"loc":{"start":{"line":168,"column":19},"end":{"line":168,"column":64}},"type":"cond-expr","locations":[{"start":{"line":168,"column":51},"end":{"line":168,"column":57}},{"start":{"line":168,"column":60},"end":{"line":168,"column":64}}],"line":168},"15":{"loc":{"start":{"line":174,"column":8},"end":{"line":182,"column":9}},"type":"if","locations":[{"start":{"line":174,"column":8},"end":{"line":182,"column":9}},{"start":{"line":178,"column":13},"end":{"line":182,"column":9}}],"line":174},"16":{"loc":{"start":{"line":174,"column":12},"end":{"line":174,"column":63}},"type":"binary-expr","locations":[{"start":{"line":174,"column":12},"end":{"line":174,"column":32}},{"start":{"line":174,"column":36},"end":{"line":174,"column":63}}],"line":174},"17":{"loc":{"start":{"line":178,"column":13},"end":{"line":182,"column":9}},"type":"if","locations":[{"start":{"line":178,"column":13},"end":{"line":182,"column":9}},{"start":{},"end":{}}],"line":178},"18":{"loc":{"start":{"line":178,"column":17},"end":{"line":180,"column":39}},"type":"binary-expr","locations":[{"start":{"line":178,"column":17},"end":{"line":178,"column":32}},{"start":{"line":179,"column":12},"end":{"line":179,"column":27}},{"start":{"line":180,"column":12},"end":{"line":180,"column":39}}],"line":178},"19":{"loc":{"start":{"line":194,"column":4},"end":{"line":211,"column":5}},"type":"if","locations":[{"start":{"line":194,"column":4},"end":{"line":211,"column":5}},{"start":{},"end":{}}],"line":194}},"s":{"0":3,"1":3,"2":3,"3":18,"4":18,"5":18,"6":18,"7":18,"8":18,"9":18,"10":18,"11":18,"12":3,"13":3,"14":167,"15":3,"16":167,"17":167,"18":591,"19":167,"20":3,"21":18,"22":18,"23":124,"24":75,"25":18,"26":3,"27":3,"28":45,"29":45,"30":45,"31":3,"32":167,"33":167,"34":167,"35":167,"36":0,"37":3,"38":3,"39":75,"40":3,"41":18,"42":18,"43":18,"44":124,"45":124,"46":45,"47":79,"48":49,"49":3,"50":3,"51":25,"52":0,"53":25,"54":3,"55":3,"56":45,"57":45,"58":45,"59":3,"60":49,"61":3,"62":18,"63":241,"64":241,"65":3,"66":3,"67":75,"68":75,"69":75,"70":75,"71":75,"72":45,"73":75,"74":75,"75":75,"76":3,"77":49,"78":49,"79":49,"80":49,"81":3,"82":18,"83":124,"84":75,"85":49,"86":49,"87":3,"88":3,"89":75,"90":30,"91":30,"92":30,"93":30,"94":30,"95":78,"96":78,"97":78},"f":{"0":18,"1":167,"2":167,"3":18,"4":124,"5":75,"6":45,"7":167,"8":75,"9":18,"10":124,"11":25,"12":45,"13":49,"14":18,"15":241,"16":75,"17":49,"18":18,"19":124,"20":75},"b":{"0":[124,79],"1":[30,45],"2":[45,0],"3":[167,0],"4":[45,30],"5":[30,0],"6":[45,79],"7":[49,30],"8":[79,79],"9":[0,25],"10":[135,106],"11":[106,0],"12":[45,30],"13":[75,45],"14":[32,17],"15":[75,49],"16":[124,94],"17":[49,0],"18":[49,49,49],"19":[30,45]},"_coverageSchema":"1a1c01bbd47fc00a2c39e90264f33305004495a9","hash":"8cdd0fb288d2cc58b46a17a3f14caaaf374aa609"}
,"/Users/jeanlucemmanuelverhanneman/Documents/Projects/modulopt/tests/utile.js": {"path":"/Users/jeanlucemmanuelverhanneman/Documents/Projects/modulopt/tests/utile.js","statementMap":{"0":{"start":{"line":2,"column":22},"end":{"line":2,"column":44}},"1":{"start":{"line":5,"column":12},"end":{"line":5,"column":19}},"2":{"start":{"line":8,"column":30},"end":{"line":21,"column":1}},"3":{"start":{"line":9,"column":15},"end":{"line":9,"column":28}},"4":{"start":{"line":10,"column":4},"end":{"line":19,"column":15}},"5":{"start":{"line":20,"column":4},"end":{"line":20,"column":36}},"6":{"start":{"line":23,"column":26},"end":{"line":31,"column":1}},"7":{"start":{"line":24,"column":4},"end":{"line":30,"column":8}},"8":{"start":{"line":25,"column":25},"end":{"line":25,"column":53}},"9":{"start":{"line":27,"column":8},"end":{"line":29,"column":9}},"10":{"start":{"line":28,"column":12},"end":{"line":28,"column":34}},"11":{"start":{"line":34,"column":0},"end":{"line":34,"column":73}}},"fnMap":{"0":{"name":"(anonymous_0)","decl":{"start":{"line":8,"column":30},"end":{"line":8,"column":31}},"loc":{"start":{"line":8,"column":50},"end":{"line":21,"column":1}},"line":8},"1":{"name":"(anonymous_1)","decl":{"start":{"line":23,"column":26},"end":{"line":23,"column":27}},"loc":{"start":{"line":23,"column":47},"end":{"line":31,"column":1}},"line":23},"2":{"name":"(anonymous_2)","decl":{"start":{"line":24,"column":50},"end":{"line":24,"column":51}},"loc":{"start":{"line":24,"column":57},"end":{"line":30,"column":5}},"line":24}},"branchMap":{"0":{"loc":{"start":{"line":8,"column":32},"end":{"line":8,"column":44}},"type":"default-arg","locations":[{"start":{"line":8,"column":39},"end":{"line":8,"column":44}}],"line":8},"1":{"loc":{"start":{"line":27,"column":8},"end":{"line":29,"column":9}},"type":"if","locations":[{"start":{"line":27,"column":8},"end":{"line":29,"column":9}},{"start":{},"end":{}}],"line":27}},"s":{"0":3,"1":18,"2":3,"3":14,"4":14,"5":14,"6":3,"7":4,"8":32,"9":32,"10":20,"11":3},"f":{"0":14,"1":4,"2":32},"b":{"0":[13],"1":[20,12]},"_coverageSchema":"1a1c01bbd47fc00a2c39e90264f33305004495a9","hash":"e8cf2d47e4fe8fa61799abf0034500158ce29d0c"}
}
