TN:
SF:module/apply.js
FN:5,(anonymous_0)
FN:7,(anonymous_1)
FN:34,(anonymous_2)
FN:35,(anonymous_3)
FN:36,(anonymous_4)
FN:46,(anonymous_5)
FN:52,(anonymous_6)
FN:55,(anonymous_7)
FN:75,(anonymous_8)
FN:77,(anonymous_9)
FN:98,(anonymous_10)
FN:109,(anonymous_11)
FN:135,(anonymous_12)
FN:138,(anonymous_13)
FNF:14
FNH:14
FNDA:25,(anonymous_0)
FNDA:108,(anonymous_1)
FNDA:249,(anonymous_2)
FNDA:73,(anonymous_3)
FNDA:14,(anonymous_4)
FNDA:15,(anonymous_5)
FNDA:112,(anonymous_6)
FNDA:261,(anonymous_7)
FNDA:73,(anonymous_8)
FNDA:552,(anonymous_9)
FNDA:74,(anonymous_10)
FNDA:73,(anonymous_11)
FNDA:14,(anonymous_12)
FNDA:70,(anonymous_13)
DA:2,3
DA:3,3
DA:4,3
DA:5,3
DA:6,25
DA:7,25
DA:8,108
DA:9,108
DA:10,30
DA:11,30
DA:13,10
DA:14,7
DA:17,20
DA:18,4
DA:20,16
DA:21,14
DA:26,3
DA:34,249
DA:35,73
DA:36,3
DA:37,14
DA:39,9
DA:41,5
DA:43,0
DA:46,3
DA:47,15
DA:48,15
DA:49,15
DA:52,3
DA:53,112
DA:55,3
DA:56,261
DA:57,261
DA:58,261
DA:59,261
DA:60,838
DA:61,838
DA:62,664
DA:63,664
DA:64,664
DA:65,29
DA:68,174
DA:69,174
DA:72,232
DA:74,3
DA:75,3
DA:76,73
DA:77,73
DA:78,552
DA:80,102
DA:82,102
DA:83,102
DA:84,29
DA:87,523
DA:90,73
DA:91,73
DA:98,3
DA:99,74
DA:100,74
DA:101,74
DA:102,74
DA:103,520
DA:104,520
DA:106,74
DA:108,3
DA:109,3
DA:110,73
DA:111,73
DA:112,73
DA:113,73
DA:114,29
DA:115,29
DA:116,29
DA:117,29
DA:118,29
DA:120,29
DA:121,14
DA:122,14
DA:126,15
DA:129,44
DA:132,44
DA:134,3
DA:135,3
DA:136,14
DA:137,14
DA:138,14
DA:139,70
DA:141,14
DA:143,3
LF:89
LH:88
BRDA:9,0,0,30
BRDA:9,0,1,78
BRDA:11,1,0,10
BRDA:11,1,1,20
BRDA:13,2,0,7
BRDA:13,2,1,3
BRDA:17,3,0,4
BRDA:17,3,1,16
BRDA:20,4,0,14
BRDA:20,4,1,2
BRDA:37,5,0,9
BRDA:37,5,1,5
BRDA:37,5,2,0
BRDA:56,6,0,14
BRDA:56,6,1,247
BRDA:57,7,0,87
BRDA:57,7,1,174
BRDA:61,8,0,664
BRDA:61,8,1,174
BRDA:64,9,0,29
BRDA:64,9,1,635
BRDA:68,10,0,174
BRDA:68,10,1,0
BRDA:78,11,0,102
BRDA:78,11,1,450
BRDA:78,12,0,552
BRDA:78,12,1,508
BRDA:83,13,0,29
BRDA:83,13,1,73
BRDA:104,14,0,135
BRDA:104,14,1,385
BRDA:104,15,0,73
BRDA:104,15,1,312
BRDA:113,16,0,29
BRDA:113,16,1,44
BRDA:120,17,0,14
BRDA:120,17,1,15
BRDA:129,18,0,0
BRDA:129,18,1,44
BRF:39
BRH:36
end_of_record
TN:
SF:module/index.js
FN:7,(anonymous_0)
FN:19,(anonymous_1)
FN:27,(anonymous_2)
FN:33,(anonymous_3)
FN:34,(anonymous_4)
FNF:5
FNH:5
FNDA:18,(anonymous_0)
FNDA:18,(anonymous_1)
FNDA:26,(anonymous_2)
FNDA:1,(anonymous_3)
FNDA:27,(anonymous_4)
DA:2,3
DA:3,3
DA:4,3
DA:5,3
DA:6,3
DA:7,3
DA:8,18
DA:9,18
DA:10,18
DA:11,18
DA:12,18
DA:13,18
DA:14,18
DA:15,18
DA:16,18
DA:18,3
DA:19,3
DA:20,18
DA:21,1
DA:22,1
DA:23,1
DA:25,18
DA:27,3
DA:28,26
DA:29,26
DA:30,27
DA:32,26
DA:33,1
DA:35,27
DA:36,2
DA:38,25
DA:39,25
DA:42,26
DA:44,3
LF:34
LH:34
BRDA:8,0,0,4
BRDA:8,0,1,14
BRDA:20,1,0,1
BRDA:20,1,1,17
BRDA:33,2,0,0
BRDA:33,2,1,1
BRDA:35,3,0,2
BRDA:35,3,1,25
BRDA:38,4,0,25
BRDA:38,4,1,0
BRF:10
BRH:8
end_of_record
TN:
SF:module/prepare.js
FN:4,(anonymous_0)
FN:23,(anonymous_1)
FN:32,(anonymous_2)
FN:44,(anonymous_3)
FN:47,(anonymous_4)
FN:48,(anonymous_5)
FN:64,(anonymous_6)
FN:78,(anonymous_7)
FN:91,(anonymous_8)
FN:98,(anonymous_9)
FN:101,(anonymous_10)
FN:112,(anonymous_11)
FN:122,(anonymous_12)
FN:129,(anonymous_13)
FN:133,(anonymous_14)
FN:134,(anonymous_15)
FN:140,(anonymous_16)
FN:163,(anonymous_17)
FN:172,(anonymous_18)
FN:173,(anonymous_19)
FN:193,(anonymous_20)
FNF:21
FNH:21
FNDA:18,(anonymous_0)
FNDA:167,(anonymous_1)
FNDA:167,(anonymous_2)
FNDA:18,(anonymous_3)
FNDA:124,(anonymous_4)
FNDA:75,(anonymous_5)
FNDA:45,(anonymous_6)
FNDA:167,(anonymous_7)
FNDA:75,(anonymous_8)
FNDA:18,(anonymous_9)
FNDA:124,(anonymous_10)
FNDA:25,(anonymous_11)
FNDA:45,(anonymous_12)
FNDA:49,(anonymous_13)
FNDA:18,(anonymous_14)
FNDA:241,(anonymous_15)
FNDA:75,(anonymous_16)
FNDA:49,(anonymous_17)
FNDA:18,(anonymous_18)
FNDA:124,(anonymous_19)
FNDA:75,(anonymous_20)
DA:2,3
DA:3,3
DA:4,3
DA:5,18
DA:6,18
DA:8,18
DA:9,18
DA:10,18
DA:12,18
DA:13,18
DA:14,18
DA:15,18
DA:17,3
DA:23,3
DA:24,167
DA:32,3
DA:33,167
DA:34,167
DA:35,591
DA:36,167
DA:44,3
DA:45,18
DA:46,18
DA:47,124
DA:50,75
DA:53,18
DA:55,3
DA:64,3
DA:65,45
DA:68,45
DA:69,45
DA:78,3
DA:81,167
DA:84,167
DA:85,167
DA:86,167
DA:88,0
DA:90,3
DA:91,3
DA:92,75
DA:98,3
DA:99,18
DA:100,18
DA:101,18
DA:102,124
DA:103,124
DA:104,45
DA:106,79
DA:107,49
DA:111,3
DA:112,3
DA:113,25
DA:114,0
DA:118,25
DA:121,3
DA:122,3
DA:124,45
DA:125,45
DA:127,45
DA:129,3
DA:131,49
DA:133,3
DA:134,18
DA:135,241
DA:136,241
DA:139,3
DA:140,3
DA:141,75
DA:143,75
DA:146,75
DA:148,75
DA:150,75
DA:151,45
DA:154,75
DA:155,75
DA:156,75
DA:163,3
DA:164,49
DA:166,49
DA:168,49
DA:170,49
DA:172,3
DA:173,18
DA:174,124
DA:175,75
DA:178,49
DA:181,49
DA:185,3
DA:193,3
DA:194,75
DA:196,30
DA:198,30
DA:200,30
DA:203,30
DA:205,78
DA:207,78
DA:209,78
LF:97
LH:95
BRDA:47,0,0,124
BRDA:47,0,1,79
BRDA:50,1,0,30
BRDA:50,1,1,45
BRDA:68,2,0,45
BRDA:68,2,1,0
BRDA:85,3,0,167
BRDA:85,3,1,0
BRDA:92,4,0,45
BRDA:92,4,1,30
BRDA:94,5,0,30
BRDA:94,5,1,0
BRDA:103,6,0,45
BRDA:103,6,1,79
BRDA:106,7,0,49
BRDA:106,7,1,30
BRDA:106,8,0,79
BRDA:106,8,1,79
BRDA:113,9,0,0
BRDA:113,9,1,25
BRDA:135,10,0,135
BRDA:135,10,1,106
BRDA:135,11,0,106
BRDA:135,11,1,0
BRDA:150,12,0,45
BRDA:150,12,1,30
BRDA:150,13,0,75
BRDA:150,13,1,45
BRDA:168,14,0,32
BRDA:168,14,1,17
BRDA:174,15,0,75
BRDA:174,15,1,49
BRDA:174,16,0,124
BRDA:174,16,1,94
BRDA:178,17,0,49
BRDA:178,17,1,0
BRDA:178,18,0,49
BRDA:178,18,1,49
BRDA:178,18,2,49
BRDA:194,19,0,30
BRDA:194,19,1,45
BRF:41
BRH:35
end_of_record
TN:
SF:tests/utile.js
FN:8,(anonymous_0)
FN:23,(anonymous_1)
FN:24,(anonymous_2)
FNF:3
FNH:3
FNDA:14,(anonymous_0)
FNDA:4,(anonymous_1)
FNDA:32,(anonymous_2)
DA:2,3
DA:5,18
DA:8,3
DA:9,14
DA:10,14
DA:20,14
DA:23,3
DA:24,4
DA:25,32
DA:27,32
DA:28,20
DA:34,3
LF:12
LH:12
BRDA:8,0,0,13
BRDA:27,1,0,20
BRDA:27,1,1,12
BRF:3
BRH:3
end_of_record
